[debug] [2025-07-16T00:15:06.082Z] ----------------------------------------------------------------------
[debug] [2025-07-16T00:15:06.084Z] Command:       C:\Program Files\nodejs\node.exe C:\Users\ravan\AppData\Roaming\npm\node_modules\firebase-tools\lib\bin\firebase.js deploy --only functions --debug
[debug] [2025-07-16T00:15:06.084Z] CLI Version:   14.10.1
[debug] [2025-07-16T00:15:06.084Z] Platform:      win32
[debug] [2025-07-16T00:15:06.084Z] Node Version:  v20.16.0
[debug] [2025-07-16T00:15:06.084Z] Time:          Tue Jul 15 2025 20:15:06 GMT-0400 (Eastern Daylight Time)
[debug] [2025-07-16T00:15:06.084Z] ----------------------------------------------------------------------
[debug] 
[debug] [2025-07-16T00:15:06.254Z] > command requires scopes: ["email","openid","https://www.googleapis.com/auth/cloudplatformprojects.readonly","https://www.googleapis.com/auth/firebase","https://www.googleapis.com/auth/cloud-platform"]
[debug] [2025-07-16T00:15:06.255Z] > authorizing via signed-in user (lewislamar20@gmail.com)
[debug] [2025-07-16T00:15:06.255Z] [iam] checking project kottage-v2 for permissions ["cloudfunctions.functions.create","cloudfunctions.functions.delete","cloudfunctions.functions.get","cloudfunctions.functions.list","cloudfunctions.functions.update","cloudfunctions.operations.get","firebase.projects.get"]
[debug] [2025-07-16T00:15:06.256Z] Checked if tokens are valid: true, expires at: 1752628058640
[debug] [2025-07-16T00:15:06.257Z] Checked if tokens are valid: true, expires at: 1752628058640
[debug] [2025-07-16T00:15:06.258Z] >>> [apiv2][query] POST https://cloudresourcemanager.googleapis.com/v1/projects/kottage-v2:testIamPermissions [none]
[debug] [2025-07-16T00:15:06.258Z] >>> [apiv2][(partial)header] POST https://cloudresourcemanager.googleapis.com/v1/projects/kottage-v2:testIamPermissions x-goog-quota-user=projects/kottage-v2
[debug] [2025-07-16T00:15:06.258Z] >>> [apiv2][body] POST https://cloudresourcemanager.googleapis.com/v1/projects/kottage-v2:testIamPermissions {"permissions":["cloudfunctions.functions.create","cloudfunctions.functions.delete","cloudfunctions.functions.get","cloudfunctions.functions.list","cloudfunctions.functions.update","cloudfunctions.operations.get","firebase.projects.get"]}
[debug] [2025-07-16T00:15:06.890Z] <<< [apiv2][status] POST https://cloudresourcemanager.googleapis.com/v1/projects/kottage-v2:testIamPermissions 200
[debug] [2025-07-16T00:15:06.891Z] <<< [apiv2][body] POST https://cloudresourcemanager.googleapis.com/v1/projects/kottage-v2:testIamPermissions {"permissions":["cloudfunctions.functions.create","cloudfunctions.functions.delete","cloudfunctions.functions.get","cloudfunctions.functions.list","cloudfunctions.functions.update","cloudfunctions.operations.get","firebase.projects.get"]}
[debug] [2025-07-16T00:15:06.891Z] Checked if tokens are valid: true, expires at: 1752628058640
[debug] [2025-07-16T00:15:06.891Z] Checked if tokens are valid: true, expires at: 1752628058640
[debug] [2025-07-16T00:15:06.891Z] >>> [apiv2][query] POST https://iam.googleapis.com/v1/projects/kottage-v2/serviceAccounts/kottage-v2@appspot.gserviceaccount.com:testIamPermissions [none]
[debug] [2025-07-16T00:15:06.892Z] >>> [apiv2][body] POST https://iam.googleapis.com/v1/projects/kottage-v2/serviceAccounts/kottage-v2@appspot.gserviceaccount.com:testIamPermissions {"permissions":["iam.serviceAccounts.actAs"]}
[debug] [2025-07-16T00:15:07.275Z] <<< [apiv2][status] POST https://iam.googleapis.com/v1/projects/kottage-v2/serviceAccounts/kottage-v2@appspot.gserviceaccount.com:testIamPermissions 200
[debug] [2025-07-16T00:15:07.276Z] <<< [apiv2][body] POST https://iam.googleapis.com/v1/projects/kottage-v2/serviceAccounts/kottage-v2@appspot.gserviceaccount.com:testIamPermissions {"permissions":["iam.serviceAccounts.actAs"]}
[info] 
[info] === Deploying to 'kottage-v2'...
[info] 
[info] i  deploying functions 
[info] Running command: npm --prefix "$RESOURCE_DIR" run lint
[error] 
[error] Error: functions predeploy error: Command terminated with non-zero exit code 1
